<?xml version="1.0" encoding="UTF-8"?>
<testsuite xmlns:xsi="http://www.w3.org/2001/XMLSchema-instance" xsi:schemaLocation="https://maven.apache.org/surefire/maven-surefire-plugin/xsd/surefire-test-report.xsd" name="com.yx.oa.utils.MybatisUtilsTestor" time="0.547" tests="1" errors="0" skipped="0" failures="0">
  <properties>
    <property name="idea.version" value="2021.1.2"/>
    <property name="java.runtime.name" value="OpenJDK Runtime Environment"/>
    <property name="sun.boot.library.path" value="E:\Work\Programming\Java\JDK\JDK8\jre\bin"/>
    <property name="java.vm.version" value="25.292-b10"/>
    <property name="java.vm.vendor" value="Amazon.com Inc."/>
    <property name="maven.multiModuleProjectDirectory" value="E:\Work\Programming\Java\WorkSpace\oa"/>
    <property name="java.vendor.url" value="https://aws.amazon.com/corretto/"/>
    <property name="path.separator" value=";"/>
    <property name="guice.disable.misplaced.annotation.check" value="true"/>
    <property name="java.vm.name" value="OpenJDK 64-Bit Server VM"/>
    <property name="file.encoding.pkg" value="sun.io"/>
    <property name="user.script" value=""/>
    <property name="user.country" value="CN"/>
    <property name="sun.java.launcher" value="SUN_STANDARD"/>
    <property name="sun.os.patch.level" value=""/>
    <property name="test" value="com.yx.oa.utils.MybatisUtilsTestor#test1"/>
    <property name="java.vm.specification.name" value="Java Virtual Machine Specification"/>
    <property name="user.dir" value="E:\Work\Programming\Java\WorkSpace\oa"/>
    <property name="java.runtime.version" value="1.8.0_292-b10"/>
    <property name="java.awt.graphicsenv" value="sun.awt.Win32GraphicsEnvironment"/>
    <property name="java.endorsed.dirs" value="E:\Work\Programming\Java\JDK\JDK8\jre\lib\endorsed"/>
    <property name="os.arch" value="amd64"/>
    <property name="java.io.tmpdir" value="C:\Users\ada\AppData\Local\Temp\"/>
    <property name="line.separator" value="&#10;"/>
    <property name="java.vm.specification.vendor" value="Oracle Corporation"/>
    <property name="user.variant" value=""/>
    <property name="os.name" value="Windows 10"/>
    <property name="maven.ext.class.path" value="E:\Work\Programming\Java\Java_IDEA\IntelliJ IDEA 2021.1.2\plugins\maven\lib\maven-event-listener.jar"/>
    <property name="classworlds.conf" value="E:\Work\Programming\Java\Java_IDEA\IntelliJ IDEA 2021.1.2\plugins\maven\lib\maven3\bin\m2.conf"/>
    <property name="sun.jnu.encoding" value="GBK"/>
    <property name="java.library.path" value="E:\Work\Programming\Java\JDK\JDK8\bin;C:\Windows\Sun\Java\bin;C:\Windows\system32;C:\Windows;C:\Program Files (x86)\Common Files\Intel\Shared Libraries\redist\intel64_win\compiler;C:\Program Files\Rockwell Software\RSCommon;C:\Program Files (x86)\VMware\VMware Workstation\bin\;C:\Windows\system32;C:\Windows;C:\Windows\System32\Wbem;C:\Windows\System32\WindowsPowerShell\v1.0\;C:\Windows\System32\OpenSSH\;C:\Program Files (x86)\NVIDIA Corporation\PhysX\Common;C:\Program Files\NVIDIA Corporation\NVIDIA NvDLISR;E:\Work\Programming\Java\Java_IDEA\IntelliJ IDEA 2021.1.2\bin;E:\Work\Programming\Java\JDK\JDK8\bin;E:\Work\Programming\Matlab\Matlab2021a\bin;E:\Work\Programming\Java\WorkSpace\apache-tomcat-8.5.69\bin;C:\Program Files\MySQL\MySQL Server 8.0\bin;E:\Work\Programming\Java\WorkSpace\apache-maven-3.8.1\bin;E:\Program Files\Polyspace\R2020b\runtime\win64;E:\Program Files\Polyspace\R2020b\bin;E:\Program Files\MATLAB\R2016a\runtime\win64;E:\Program Files\MATLAB\R2016a\bin;E:\Program Files\MATLAB\R2016a\polyspace\bin;E:\Program Files\MATLAB\R2016a\bin;E:\Program Files\Polyspace\R2020b\polyspace\bin;C:\Users\ada\AppData\Local\Microsoft\WindowsApps;;E:\Work\Programming\Java\Java_IDEA\IntelliJ IDEA 2021.1.2\bin;;E:\Work\Programming\Python\Pycharm\PyCharm 2021.1.2\bin;;."/>
    <property name="maven.conf" value="E:\Work\Programming\Java\Java_IDEA\IntelliJ IDEA 2021.1.2\plugins\maven\lib\maven3/conf"/>
    <property name="java.specification.name" value="Java Platform API Specification"/>
    <property name="java.class.version" value="52.0"/>
    <property name="sun.management.compiler" value="HotSpot 64-Bit Tiered Compilers"/>
    <property name="maven.repo.local" value="E:\Work\Programming\Java\MavenRepository"/>
    <property name="os.version" value="10.0"/>
    <property name="user.home" value="C:\Users\ada"/>
    <property name="user.timezone" value="Asia/Shanghai"/>
    <property name="java.awt.printerjob" value="sun.awt.windows.WPrinterJob"/>
    <property name="java.specification.version" value="1.8"/>
    <property name="file.encoding" value="UTF-8"/>
    <property name="user.name" value="ada"/>
    <property name="java.class.path" value="E:\Work\Programming\Java\Java_IDEA\IntelliJ IDEA 2021.1.2\plugins\maven\lib\maven3\boot\plexus-classworlds-2.6.0.jar;E:\Work\Programming\Java\Java_IDEA\IntelliJ IDEA 2021.1.2\plugins\maven\lib\maven3\boot\plexus-classworlds.license;E:\Work\Programming\Java\Java_IDEA\IntelliJ IDEA 2021.1.2\lib\idea_rt.jar"/>
    <property name="java.vm.specification.version" value="1.8"/>
    <property name="sun.arch.data.model" value="64"/>
    <property name="java.home" value="E:\Work\Programming\Java\JDK\JDK8\jre"/>
    <property name="sun.java.command" value="org.codehaus.classworlds.Launcher -Didea.version=2021.1.2 -s E:\Work\Programming\Java\WorkSpace\apache-maven-3.8.1\conf\settings.xml -Dmaven.repo.local=E:\Work\Programming\Java\MavenRepository -Dtest=com.yx.oa.utils.MybatisUtilsTestor#test1 test-compile surefire:test"/>
    <property name="java.specification.vendor" value="Oracle Corporation"/>
    <property name="user.language" value="zh"/>
    <property name="awt.toolkit" value="sun.awt.windows.WToolkit"/>
    <property name="java.vm.info" value="mixed mode"/>
    <property name="java.version" value="1.8.0_292"/>
    <property name="java.ext.dirs" value="E:\Work\Programming\Java\JDK\JDK8\jre\lib\ext;C:\Windows\Sun\Java\lib\ext"/>
    <property name="sun.boot.class.path" value="E:\Work\Programming\Java\JDK\JDK8\jre\lib\resources.jar;E:\Work\Programming\Java\JDK\JDK8\jre\lib\rt.jar;E:\Work\Programming\Java\JDK\JDK8\jre\lib\sunrsasign.jar;E:\Work\Programming\Java\JDK\JDK8\jre\lib\jsse.jar;E:\Work\Programming\Java\JDK\JDK8\jre\lib\jce.jar;E:\Work\Programming\Java\JDK\JDK8\jre\lib\charsets.jar;E:\Work\Programming\Java\JDK\JDK8\jre\lib\jfr.jar;E:\Work\Programming\Java\JDK\JDK8\jre\classes"/>
    <property name="java.vendor" value="Amazon.com Inc."/>
    <property name="maven.home" value="E:\Work\Programming\Java\Java_IDEA\IntelliJ IDEA 2021.1.2\plugins\maven\lib\maven3"/>
    <property name="file.separator" value="\"/>
    <property name="java.vendor.url.bug" value="https://github.com/corretto/corretto-8/issues/"/>
    <property name="sun.cpu.endian" value="little"/>
    <property name="sun.io.unicode.encoding" value="UnicodeLittle"/>
    <property name="sun.desktop" value="windows"/>
    <property name="sun.cpu.isalist" value="amd64"/>
  </properties>
  <testcase name="test1" classname="com.yx.oa.utils.MybatisUtilsTestor" time="0.508"/>
</testsuite>